Configuring sdl2-2.1.0...
Building sdl2-2.1.0...
Preprocessing library sdl2-2.1.0...
[ 1 of 34] Compiling SDL.Raw.Platform ( src/SDL/Raw/Platform.hs, dist/dist-sandbox-a4bc3bc7/build/SDL/Raw/Platform.o )
[ 2 of 34] Compiling SDL.Raw.Error    ( src/SDL/Raw/Error.hs, dist/dist-sandbox-a4bc3bc7/build/SDL/Raw/Error.o )
[ 3 of 34] Compiling Data.Bitmask     ( src/Data/Bitmask.hs, dist/dist-sandbox-a4bc3bc7/build/Data/Bitmask.o )
[ 4 of 34] Compiling SDL.Internal.Numbered ( src/SDL/Internal/Numbered.hs, dist/dist-sandbox-a4bc3bc7/build/SDL/Internal/Numbered.o )
[ 5 of 34] Compiling SDL.Raw.Enum     ( dist/dist-sandbox-a4bc3bc7/build/SDL/Raw/Enum.hs, dist/dist-sandbox-a4bc3bc7/build/SDL/Raw/Enum.o )
[ 6 of 34] Compiling SDL.Raw.Types    ( dist/dist-sandbox-a4bc3bc7/build/SDL/Raw/Types.hs, dist/dist-sandbox-a4bc3bc7/build/SDL/Raw/Types.o )
[ 7 of 34] Compiling SDL.Raw.Filesystem ( src/SDL/Raw/Filesystem.hs, dist/dist-sandbox-a4bc3bc7/build/SDL/Raw/Filesystem.o )
[ 8 of 34] Compiling SDL.Raw.Timer    ( src/SDL/Raw/Timer.hs, dist/dist-sandbox-a4bc3bc7/build/SDL/Raw/Timer.o )
[ 9 of 34] Compiling SDL.Raw.Haptic   ( src/SDL/Raw/Haptic.hs, dist/dist-sandbox-a4bc3bc7/build/SDL/Raw/Haptic.o )
[10 of 34] Compiling SDL.Input.Keyboard.Codes ( src/SDL/Input/Keyboard/Codes.hs, dist/dist-sandbox-a4bc3bc7/build/SDL/Input/Keyboard/Codes.o )
[11 of 34] Compiling SDL.Raw.Event    ( src/SDL/Raw/Event.hs, dist/dist-sandbox-a4bc3bc7/build/SDL/Raw/Event.o )
[12 of 34] Compiling SDL.Raw.Basic    ( src/SDL/Raw/Basic.hs, dist/dist-sandbox-a4bc3bc7/build/SDL/Raw/Basic.o )
[13 of 34] Compiling SDL.Raw.Power    ( src/SDL/Raw/Power.hs, dist/dist-sandbox-a4bc3bc7/build/SDL/Raw/Power.o )
[14 of 34] Compiling SDL.Raw.Thread   ( src/SDL/Raw/Thread.hs, dist/dist-sandbox-a4bc3bc7/build/SDL/Raw/Thread.o )
[15 of 34] Compiling SDL.Raw.Video    ( src/SDL/Raw/Video.hs, dist/dist-sandbox-a4bc3bc7/build/SDL/Raw/Video.o )
[16 of 34] Compiling SDL.Raw.Audio    ( src/SDL/Raw/Audio.hs, dist/dist-sandbox-a4bc3bc7/build/SDL/Raw/Audio.o )
[17 of 34] Compiling SDL.Raw          ( src/SDL/Raw.hs, dist/dist-sandbox-a4bc3bc7/build/SDL/Raw.o )
[18 of 34] Compiling SDL.Internal.Types ( src/SDL/Internal/Types.hs, dist/dist-sandbox-a4bc3bc7/build/SDL/Internal/Types.o )
[19 of 34] Compiling SDL.Input.Keyboard ( src/SDL/Input/Keyboard.hs, dist/dist-sandbox-a4bc3bc7/build/SDL/Input/Keyboard.o )
[20 of 34] Compiling SDL.Exception    ( src/SDL/Exception.hs, dist/dist-sandbox-a4bc3bc7/build/SDL/Exception.o )
[21 of 34] Compiling SDL.Input.Joystick ( src/SDL/Input/Joystick.hs, dist/dist-sandbox-a4bc3bc7/build/SDL/Input/Joystick.o )
[22 of 34] Compiling SDL.Video.Renderer ( src/SDL/Video/Renderer.hs, dist/dist-sandbox-a4bc3bc7/build/SDL/Video/Renderer.o )
[23 of 34] Compiling SDL.Input.Mouse  ( src/SDL/Input/Mouse.hs, dist/dist-sandbox-a4bc3bc7/build/SDL/Input/Mouse.o )
[24 of 34] Compiling SDL.Video.OpenGL ( src/SDL/Video/OpenGL.hs, dist/dist-sandbox-a4bc3bc7/build/SDL/Video/OpenGL.o )
[25 of 34] Compiling SDL.Video        ( src/SDL/Video.hs, dist/dist-sandbox-a4bc3bc7/build/SDL/Video.o )
[26 of 34] Compiling SDL.Time         ( src/SDL/Time.hs, dist/dist-sandbox-a4bc3bc7/build/SDL/Time.o )
[27 of 34] Compiling SDL.Power        ( src/SDL/Power.hs, dist/dist-sandbox-a4bc3bc7/build/SDL/Power.o )
[28 of 34] Compiling SDL.Input        ( src/SDL/Input.hs, dist/dist-sandbox-a4bc3bc7/build/SDL/Input.o )
[29 of 34] Compiling SDL.Hint         ( src/SDL/Hint.hs, dist/dist-sandbox-a4bc3bc7/build/SDL/Hint.o )
[30 of 34] Compiling SDL.Filesystem   ( src/SDL/Filesystem.hs, dist/dist-sandbox-a4bc3bc7/build/SDL/Filesystem.o )
[31 of 34] Compiling SDL.Event        ( src/SDL/Event.hs, dist/dist-sandbox-a4bc3bc7/build/SDL/Event.o )
[32 of 34] Compiling SDL.Audio        ( src/SDL/Audio.hs, dist/dist-sandbox-a4bc3bc7/build/SDL/Audio.o )
[33 of 34] Compiling SDL.Init         ( src/SDL/Init.hs, dist/dist-sandbox-a4bc3bc7/build/SDL/Init.o )
[34 of 34] Compiling SDL              ( src/SDL.hs, dist/dist-sandbox-a4bc3bc7/build/SDL.o )
In-place registering sdl2-2.1.0...
Creating package registration file:
/tmp/pkgConf-sdl2-2.121147380972007905771.0
Installing library in
/home/fayong/prog/Haskell/rayCaster/.cabal-sandbox/lib/x86_64-linux-ghc-7.10.2/sdl2-2.1.0-395MPVqn0Ok2IAEpnwLbfq
Registering sdl2-2.1.0...
